============================= test session starts ==============================
platform linux -- Python 3.13.5, pytest-9.0.3, pluggy-1.6.0
rootdir: /home/faviann/worktrees/homelab-iac/issue-317
configfile: pyproject.toml
testpaths: tests
collected 815 items

tests/regression/test_ansible_test_helper.py .............               [  1%]
tests/regression/test_beets_flask_stack_contract.py .                    [  1%]
tests/regression/test_control_node_dependencies.py .......               [  2%]
tests/regression/test_discover_stale_stacks.py .                         [  2%]
tests/regression/test_image_update_renovate_adapter_real.py .            [  2%]
tests/regression/test_lifecycle_prerequisite_layers.py .....             [  3%]
tests/regression/test_lxc_github_keys.py .                               [  3%]
tests/regression/test_managed_files_created.py .                         [  3%]
tests/regression/test_materialize_templates.py .                         [  3%]
tests/regression/test_missing_cap_docker_fails_clearly.py .              [  3%]
tests/regression/test_overmind_postgres_backup.py .....                  [  4%]
tests/regression/test_portal_traefik_redis_recreation.py .               [  4%]
tests/regression/test_quarantine_stops_and_moves.py .                    [  4%]
tests/regression/test_sandbox_multiprocessing_primitives.py ssss         [  5%]
tests/regression/test_setup_command.py ..................                [  7%]
tests/regression/test_ssh_pubkey_resolver.py .                           [  7%]
tests/regression/test_stack_sync_excludes_docs_metadata.py .             [  7%]
tests/regression/test_stack_sync_missing_required_stack_vars.py .        [  7%]
tests/regression/test_stack_sync_reconciliation_boundary.py .            [  7%]
tests/regression/test_stack_sync_reconciliation_missing_source_boundary.py . [  8%]
                                                                         [  8%]
tests/regression/test_stack_sync_start.py .                              [  8%]
tests/regression/test_validate_command.py .............................. [ 11%]
............................                                             [ 15%]
tests/regression/test_vault_command.py ................................. [ 19%]
........................................................................ [ 28%]
......................................................                   [ 34%]
tests/regression/test_workstation_baseline_github_keys.py ..             [ 35%]
tests/regression/test_workstation_first_login_setup_contract.py ....     [ 35%]
tests/regression/test_workstation_origin_firewall_idempotency.py .       [ 35%]
tests/regression/test_workstation_origin_firewall_resolution.py .        [ 35%]
tests/regression/test_workstation_persistent_home.py .                   [ 35%]
tests/unit/test_authentik_auth_flow_blueprints.py .                      [ 36%]
tests/unit/test_authentik_blueprint_idempotency.py ..................... [ 38%]
.                                                                        [ 38%]
tests/unit/test_authentik_blueprint_sync_navidrome.py .....              [ 39%]
tests/unit/test_compose_env_filter.py ..                                 [ 39%]
tests/unit/test_dockhand_inventory.py .                                  [ 39%]
tests/unit/test_image_update_renovate_adapter.py ....................... [ 42%]
............                                                             [ 44%]
tests/unit/test_jellystat_secret_contract.py ..                          [ 44%]
tests/unit/test_lifecycle_observation_callback.py ......                 [ 45%]
tests/unit/test_lifecycle_observation_report.py ........................ [ 47%]
..                                                                       [ 48%]
tests/unit/test_lxc_docker_runtime_role.py .                             [ 48%]
tests/unit/test_lxc_fleet_preflight_contract.py ..                       [ 48%]
tests/unit/test_lxc_lifecycle_regression_runner.py ..............        [ 50%]
tests/unit/test_lxc_release_probe_shared_task.py .                       [ 50%]
tests/unit/test_masked_inventory.py ...                                  [ 50%]
tests/unit/test_navidrome_reconciler.py ......                           [ 51%]
tests/unit/test_oidc_manifest.py ....................................... [ 56%]
...................                                                      [ 58%]
tests/unit/test_overmind_contract.py .......                             [ 59%]
tests/unit/test_portal_externalservice_config.py ......                  [ 60%]
tests/unit/test_portal_traefik_contract.py .....                         [ 60%]
tests/unit/test_proxmox_bootstrap_api_loading.py .........               [ 61%]
tests/unit/test_proxmox_pct.py .............................             [ 65%]
tests/unit/test_servarr_beets_flask_contract.py ........                 [ 66%]
tests/unit/test_stack_update_policy_command.py ......................... [ 69%]
...................................................................      [ 77%]
tests/unit/test_stack_update_policy_selection.py ................        [ 79%]
tests/unit/test_stack_update_policy_snapshot.py ........................ [ 82%]
........................................................................ [ 91%]
.....................................                                    [ 96%]
tests/unit/test_vault_token.py ....                                      [ 96%]
tests/unit/test_workstation_artifacts_stack_contract.py ........         [ 97%]
tests/unit/test_workstation_baseline_role.py .......                     [ 98%]
tests/unit/test_workstation_inventory.py ...                             [ 98%]
tests/unit/test_workstation_mcp_auth_proxy_contract.py ..........        [100%]

================= 811 passed, 4 skipped in 1057.88s (0:17:37) ==================
